,number,value,params_df_max_layers,params_df_min_samples_leaf,params_df_n_trees,state
490,490,0.5034047552351938,31,1,246,COMPLETE
491,491,0.5025678434965438,17,1,256,COMPLETE
492,492,0.5020990537938408,49,1,242,COMPLETE
493,493,0.503311234313357,50,1,248,COMPLETE
494,494,0.5006046741661067,11,1,244,COMPLETE
495,495,0.5040503432779594,44,1,250,COMPLETE
496,496,0.5019527205673989,43,1,236,COMPLETE
497,497,0.5020990537938408,34,1,242,COMPLETE
498,498,0.5034047552351938,48,1,246,COMPLETE
499,499,0.5026220231124772,40,1,254,COMPLETE
